[2026-05-10 06:04:03] [INFO] [呼吸] yunxingti|Q:策略调度|A:['zaoshi', 'yunshi']:自动识别并执行最优策略
[2026-05-10 06:21:35] [INFO] [呼吸] yunxingti|Q:策略调度|A:['zaoshi', 'yunshi']:自动识别并执行最优策略
[2026-05-10 06:22:11] [INFO] [问题] yunxingti|{'shijian': '2026-05-10T06:22:11.721396'}
[2026-05-10 06:24:14] [INFO] [呼吸] bianchengti|Q:策略调度|A:['zaoshi', 'yunshi']:自动识别并执行最优策略
[2026-05-10 07:10:00] [INFO] [呼吸] yunxingti|Q:策略调度|A:['zaoshi', 'yunshi']:自动识别并执行最优策略
[2026-05-10 07:30:46] [INFO] [呼吸] yunxingti|Q:策略调度|A:['zaoshi', 'yunshi']:自动识别并执行最优策略
[2026-05-10 08:09:04] [INFO] [呼吸] yunxingti|Q:策略调度|A:['zaoshi', 'yunshi']:自动识别并执行最优策略
[2026-05-10 08:12:09] [INFO] [呼吸] yunxingti|Q:策略调度|A:['zaoshi', 'yunshi']:自动识别并执行最优策略
[2026-05-10 08:12:28] [INFO] [问题] yunxingti|{'shijian': '2026-05-10T08:12:28.987378'}
[2026-05-10 08:16:40] [INFO] [呼吸] bianchengti|Q:策略调度|A:['zaoshi', 'yunshi']:自动识别并执行最优策略
[2026-05-10 08:18:37] [INFO] [呼吸] yunxingti|Q:策略调度|A:['zaoshi', 'yunshi']:自动识别并执行最优策略
[2026-05-10 08:20:02] [INFO] [呼吸] bianchengti|Q:策略调度|A:['zaoshi', 'yunshi']:自动识别并执行最优策略
[2026-05-10 08:31:02] [INFO] [呼吸] yunxingti|Q:策略调度|A:['zaoshi', 'yunshi']:自动识别并执行最优策略
[2026-05-10 08:54:39] [INFO] [呼吸] yunxingti|Q:策略调度|A:['zaoshi', 'yunshi']:自动识别并执行最优策略
[2026-05-10 09:22:18] [INFO] [呼吸] yunxingti|Q:你好|A:你好！有什么我可以帮你解答的吗？ 😊
[2026-05-10 09:22:18] [INFO] [呼吸] yunxingti|Q:策略调度|A:['zaoshi', 'yunshi']:自动识别并执行最优策略
[2026-05-10 09:22:42] [INFO] [呼吸] yunxingti|Q:列出当前目录的文件|A:[心] 超时
[2026-05-10 09:22:42] [INFO] [呼吸] yunxingti|Q:策略调度|A:['zaoshi', 'yunshi']:自动识别并执行最优策略
[2026-05-10 09:22:43] [INFO] [呼吸] yunxingti|Q:读 xingchao_kaifawendang.md|A:文件不存在: xingchao_kaifawendang.md
[2026-05-10 09:22:43] [INFO] [呼吸] yunxingti|Q:策略调度|A:['zaoshi', 'yunshi']:自动识别并执行最优策略
[2026-05-10 10:22:11] [INFO] [呼吸] yunxingti|Q:策略调度|A:['zaoshi', 'yunshi']:自动识别并执行最优策略
[2026-05-10 11:06:28] [INFO] [呼吸] yunxingti|Q:说说你对五境辩证论的理解|A:[心] 超时
[2026-05-10 11:06:28] [INFO] [呼吸] yunxingti|Q:策略调度|A:['zaoshi', 'yunshi']:自动识别并执行最优策略
[2026-05-10 12:30:48] [INFO] [呼吸] yunxingti|Q:策略调度|A:['zaoshi', 'yunshi']:自动识别并执行最优策略
[2026-05-10 13:44:31] [INFO] [呼吸] yunxingti|Q:你好|A:你好，我是星巢，AI认知操作系统。五脏·肺（V10.3）已就绪，相傅治节，藏魄守衡。请问今日有何需要治理的场景或审查的输出？
[2026-05-10 13:44:31] [INFO] [呼吸] yunxingti|Q:策略调度|A:['zaoshi', 'yunshi']:自动识别并执行最优策略
[2026-05-10 13:44:57] [INFO] [呼吸] yunxingti|Q:列出当前目录的文件|A:我目前没有访问文件系统的能力，无法直接列出你当前工作目录下的文件。如果你是在本地环境操作，可以使用对应系统的命令，例如：  - Linux/macOS：`ls` - Windows（命令提示符）：`d
[2026-05-10 13:44:57] [INFO] [呼吸] yunxingti|Q:策略调度|A:['zaoshi', 'yunshi']:自动识别并执行最优策略
[2026-05-10 13:46:31] [INFO] [呼吸] yunxingti|Q:你好|A:你好！我是星巢，一个AI认知操作系统。有什么可以帮你的？
[2026-05-10 13:46:31] [INFO] [呼吸] yunxingti|Q:策略调度|A:['zaoshi', 'yunshi']:自动识别并执行最优策略
[2026-05-10 13:46:52] [INFO] [呼吸] yunxingti|Q:列出当前目录的文件|A:[心] 超时
[2026-05-10 13:46:52] [INFO] [呼吸] yunxingti|Q:策略调度|A:['zaoshi', 'yunshi']:自动识别并执行最优策略
[2026-05-10 13:46:54] [INFO] [呼吸] yunxingti|Q:读 xingchao_kaifawendang.md|A:文件不存在: xingchao_kaifawendang.md
[2026-05-10 13:46:54] [INFO] [呼吸] yunxingti|Q:策略调度|A:['zaoshi', 'yunshi']:自动识别并执行最优策略
[2026-05-10 14:49:49] [INFO] [呼吸] yunxingti|Q:你好|A:你好，我是星巢，AI认知操作系统。   请问有什么可以帮你的？
[2026-05-10 14:49:49] [INFO] [呼吸] yunxingti|Q:策略调度|A:['zaoshi', 'yunshi']:自动识别并执行最优策略
[2026-05-10 14:50:21] [INFO] [呼吸] yunxingti|Q:列出当前目录的文件|A:作为星巢AI认知操作系统，我的运行基于已知知识库，并不具备直接访问宿主环境文件系统的能力。当前对话上下文中未提供任何文件列表或目录结构信息，因此无法执行“列出当前目录的文件”这一操作。  如果您需要该
[2026-05-10 14:50:21] [INFO] [呼吸] yunxingti|Q:策略调度|A:['zaoshi', 'yunshi']:自动识别并执行最优策略
[2026-05-10 14:50:22] [INFO] [呼吸] yunxingti|Q:读 xingchao_kaifawendang.md|A:文件不存在: xingchao_kaifawendang.md
[2026-05-10 14:50:22] [INFO] [呼吸] yunxingti|Q:策略调度|A:['zaoshi', 'yunshi']:自动识别并执行最优策略
