[2026-05-08 05:35:17] [INFO] [呼吸] yunxingti|Q:策略调度|A:['zaoshi', 'yunshi']:自动识别并执行最优策略
[2026-05-08 05:35:27] [INFO] [呼吸] yunxingti|Q:这是一个测试消息abc123|A:工具:对话 | 害:chen_kong | 结果:记忆中没有“测试消息abc123”的相关记录。当前正境，藏剑阁29件，记忆333条。
[2026-05-08 05:37:01] [INFO] [呼吸] yunxingti|Q:策略调度|A:['zaoshi', 'yunshi']:自动识别并执行最优策略
[2026-05-08 05:37:13] [INFO] [呼吸] yunxingti|Q:这是一个测试消息abc123|A:工具:对话 | 害:chen_kong | 结果:记忆中没有与“测试消息abc123”相关的记录。当前正境，藏剑阁29件，记忆333条，五境稳定。如有其他基于记忆的查询，
[2026-05-08 05:40:05] [INFO] [呼吸] yunxingti|Q:策略调度|A:['zaoshi', 'yunshi']:自动识别并执行最优策略
[2026-05-08 05:40:11] [INFO] [问题] yunxingti|e1
[2026-05-08 05:40:14] [INFO] [呼吸] yunxingti|Q:这是一个测试消息abc123|A:工具:对话 | 害:chen_kong | 结果:记忆中没有“测试消息abc123”的相关记录。当前记忆仅包含五境正境状态及藏剑阁29件物品等基础信息。
[2026-05-08 05:55:56] [INFO] [呼吸] yunxingti|Q:策略调度|A:['zaoshi', 'yunshi']:自动识别并执行最优策略
[2026-05-08 05:56:06] [INFO] [呼吸] yunxingti|Q:这是一个测试消息abc123|A:工具:对话 | 害:chen_kong | 结果:记忆中没有“测试消息abc123”的相关内容。当前正境，藏剑阁29件，记忆336条，五境为正境。无法确认该消息含义。
[2026-05-08 05:56:17] [INFO] [问题] yunxingti|e1
[2026-05-08 06:06:27] [INFO] [呼吸] yunxingti|Q:策略调度|A:['zaoshi', 'yunshi']:自动识别并执行最优策略
[2026-05-08 06:06:43] [INFO] [问题] yunxingti|质量警告(2/4):可能引入新问题,过于冗长(>200字)
[2026-05-08 06:06:43] [INFO] [呼吸] yunxingti|Q:这是一个测试消息abc123|A:工具:对话 | 害:chen_kong | 结果:好的，遵照您的指示。当前处于“正境”阶段，任务为“定义问题边界”。  根据您提供的认知状态数据，我将输出一个形式化的边界
[2026-05-08 06:06:55] [INFO] [问题] yunxingti|e1
[2026-05-08 06:19:14] [INFO] [呼吸] yunxingti|Q:策略调度|A:['zaoshi', 'yunshi']:自动识别并执行最优策略
[2026-05-08 06:19:33] [INFO] [呼吸] yunxingti|Q:这是一个测试消息abc123|A:工具:对话 | 害:chen_kong | 结果:好的，收到。根据您提供的“五境认知流”设定，当前处于“正境”第一步：定义问题边界。  我已完成对上游(起点)和当前状态的
[2026-05-08 06:19:46] [INFO] [问题] yunxingti|e1
[2026-05-08 06:29:28] [INFO] [呼吸] yunxingti|Q:策略调度|A:['zaoshi', 'yunshi']:自动识别并执行最优策略
[2026-05-08 06:29:47] [INFO] [呼吸] yunxingti|Q:这是一个测试消息abc123|A:工具:对话 | 害:chen_kong | 结果:好的，根据您提供的“五境认知流”当前处于“正境”的要求，我对您给出的信息进行解析，并输出定义问题边界的结构化结果。  *
[2026-05-08 06:31:33] [INFO] [呼吸] yunxingti|Q:策略调度|A:['zaoshi', 'yunshi']:自动识别并执行最优策略
[2026-05-08 06:31:52] [INFO] [呼吸] yunxingti|Q:这是一个测试消息abc123|A:工具:对话 | 害:chen_kong | 结果:好的，根据您提供的“五境认知流”框架，当前处于**正境（步骤1）**，任务是定义问题边界。我将严格按照要求的输出格式，对
[2026-05-08 06:35:30] [INFO] [呼吸] yunxingti|Q:策略调度|A:['zaoshi', 'yunshi']:自动识别并执行最优策略
[2026-05-08 06:35:37] [INFO] [问题] yunxingti|e1
[2026-05-08 06:35:46] [INFO] [呼吸] yunxingti|Q:这是一个测试消息abc123|A:工具:对话 | 害:chen_kong | 结果:好的，遵照您的指示。当前位于“五境认知流”的“正境”，任务是定义问题边界。  根据您提供的认知状态和消息，我已完成分析，
[2026-05-08 06:40:23] [INFO] [呼吸] yunxingti|Q:策略调度|A:['zaoshi', 'yunshi']:自动识别并执行最优策略
[2026-05-08 06:40:41] [INFO] [呼吸] yunxingti|Q:这是一个测试消息abc123|A:工具:对话 | 害:chen_kong | 结果:好的，收到。认知流已启动，当前处于 **正境**，步骤 1。  根据指令，我将严格遵循五境认知流的第一步，对当前问题进行
[2026-05-08 06:40:46] [INFO] [问题] yunxingti|e1
[2026-05-08 07:14:19] [INFO] [呼吸] yunxingti|Q:策略调度|A:['zaoshi', 'yunshi']:自动识别并执行最优策略
[2026-05-08 07:14:36] [INFO] [呼吸] yunxingti|Q:这是一个测试消息abc123|A:工具:对话 | 害:chen_kong | 结果:好的，遵照您的指示。当前阶段为“正境”，任务为定义问题边界。  根据您提供的认知数据，我将提取核心要素，并按照指定格式输
[2026-05-08 07:31:25] [INFO] [呼吸] yunxingti|Q:策略调度|A:['zaoshi', 'yunshi']:自动识别并执行最优策略
[2026-05-08 07:31:42] [INFO] [呼吸] yunxingti|Q:这是一个测试消息abc123|A:工具:对话 | 害:chen_kong | 结果:好的，遵命。当前处于“正境”阶段，任务是定义问题边界。根据上游“无(起点)”的指示，我将对当前认知状态进行主体、客体、作
[2026-05-08 08:15:48] [INFO] [呼吸] yunxingti|Q:策略调度|A:['zaoshi', 'yunshi']:自动识别并执行最优策略
[2026-05-08 08:16:07] [INFO] [呼吸] yunxingti|Q:这是一个测试消息abc123|A:工具:对话 | 害:chen_kong | 结果:好的，收到指令。根据您设定的“五境认知流”框架，当前处于“正境”第一步，任务为“定义问题边界”。我将严格按照输出格式，基
[2026-05-08 08:31:44] [INFO] [呼吸] yunxingti|Q:策略调度|A:['zaoshi', 'yunshi']:自动识别并执行最优策略
[2026-05-08 08:32:00] [INFO] [呼吸] yunxingti|Q:这是一个测试消息abc123|A:工具:对话 | 害:chen_kong | 结果:好的，收到。根据您提供的认知状态和“五境认知流”的设定，当前我处于“正境”（步骤1），任务为“定义问题边界”。我将严格遵
[2026-05-08 09:27:52] [INFO] [呼吸] yunxingti|Q:策略调度|A:['zaoshi', 'yunshi']:自动识别并执行最优策略
[2026-05-08 09:28:10] [INFO] [呼吸] yunxingti|Q:这是一个测试消息abc123|A:工具:对话 | 害:chen_kong | 结果:好的，收到。根据您的指令，当前处于“五境认知流”的“正境”阶段，任务是定义问题边界。  基于您提供的认知数据，我将按照指
[2026-05-08 09:29:16] [INFO] [呼吸] yunxingti|Q:策略调度|A:['zaoshi', 'yunshi']:自动识别并执行最优策略
[2026-05-08 09:29:33] [INFO] [呼吸] yunxingti|Q:这是一个测试消息abc123|A:工具:对话 | 害:chen_kong | 结果:好的，收到您的指令。当前处于“五境认知流”的“正境”阶段，任务为定义问题边界。我将根据您提供的上下文，对消息“这是一个测
[2026-05-08 09:34:49] [INFO] [呼吸] yunxingti|Q:策略调度|A:['zaoshi', 'yunshi']:自动识别并执行最优策略
[2026-05-08 09:35:09] [INFO] [呼吸] yunxingti|Q:这是一个测试消息abc123|A:工具:对话 | 害:chen_kong | 结果:好的，收到认知指令。当前处于“五境认知流”的“正境”，任务为定义问题边界。  根据您提供的认知状态（少阳、熵值0.22）
[2026-05-08 09:36:38] [INFO] [呼吸] yunxingti|Q:策略调度|A:['zaoshi', 'yunshi']:自动识别并执行最优策略
[2026-05-08 09:37:00] [INFO] [呼吸] yunxingti|Q:这是一个测试消息abc123|A:工具:对话 | 害:chen_kong | 结果:好的，我们开始。  根据您当前设定的“五境认知流”，您正处于 **正境（步骤1）**，任务是 **定义问题边界**。  
[2026-05-08 10:00:45] [INFO] [呼吸] yunxingti|Q:策略调度|A:['zaoshi', 'yunshi']:自动识别并执行最优策略
[2026-05-08 10:01:03] [INFO] [呼吸] yunxingti|Q:这是一个测试消息abc123|A:工具:对话 | 害:chen_kong | 结果:```json {   "zhuti": "认知系统（作为五境认知流的执行主体）",   "keti": "测试消息'a
[2026-05-08 10:07:47] [INFO] [呼吸] yunxingti|Q:策略调度|A:['zaoshi', 'yunshi']:自动识别并执行最优策略
[2026-05-08 10:07:55] [INFO] [问题] yunxingti|e1
[2026-05-08 10:08:03] [INFO] [问题] yunxingti|质量警告(2/4):可能引入新问题,过于冗长(>200字)
[2026-05-08 10:08:04] [INFO] [呼吸] yunxingti|Q:这是一个测试消息abc123|A:工具:对话 | 害:chen_kong | 结果:```json {   "zhuti": "认知主体（当前为“我”，即运行中的认知系统）",   "keti": "测试
[2026-05-08 10:29:49] [INFO] [呼吸] yunxingti|Q:策略调度|A:['zaoshi', 'yunshi']:自动识别并执行最优策略
[2026-05-08 10:30:11] [INFO] [呼吸] yunxingti|Q:这是一个测试消息abc123|A:工具:对话 | 害:chen_kong | 结果:好的，遵照您的指示。当前状态已确认，认知流处于“正境”阶段，任务是定义问题边界。  根据上游“无（起点）”的设定，我将直
[2026-05-08 10:31:00] [INFO] [问题] yunxingti|e1
[2026-05-08 10:35:50] [INFO] [呼吸] yunxingti|Q:策略调度|A:['zaoshi', 'yunshi']:自动识别并执行最优策略
[2026-05-08 10:36:11] [INFO] [问题] yunxingti|质量警告(2/4):可能引入新问题,过于冗长(>200字)
[2026-05-08 10:36:11] [INFO] [呼吸] yunxingti|Q:这是一个测试消息abc123|A:工具:对话 | 害:chen_kong | 结果:好的，我们开始。当前处于 **正境**（步骤1/5），任务为：**定义问题边界**。  根据认知流框架与当前状态（`li
[2026-05-08 10:56:20] [INFO] [呼吸] yunxingti|Q:策略调度|A:['zaoshi', 'yunshi']:自动识别并执行最优策略
[2026-05-08 10:56:42] [INFO] [呼吸] yunxingti|Q:这是一个测试消息abc123|A:工具:对话 | 害:chen_kong | 结果:好的，遵命。当前处于“五境认知流”的“正境”阶段，我将严格按照任务要求，对给定的认知数据进行分析，并定义问题边界。  *
[2026-05-08 10:57:21] [INFO] [问题] yunxingti|e1
[2026-05-08 11:21:44] [INFO] [呼吸] yunxingti|Q:策略调度|A:['zaoshi', 'yunshi']:自动识别并执行最优策略
[2026-05-08 11:22:06] [INFO] [呼吸] yunxingti|Q:这是一个测试消息abc123|A:工具:对话 | 害:chen_kong | 结果:好的，遵照您的指示。当前处于“五境认知流”的“正境”阶段（步骤1），核心任务是定义问题边界。  根据您提供的上下文（`r
[2026-05-08 11:24:19] [INFO] [问题] yunxingti|e1
[2026-05-08 11:45:10] [INFO] [呼吸] yunxingti|Q:策略调度|A:['zaoshi', 'yunshi']:自动识别并执行最优策略
[2026-05-08 11:45:34] [INFO] [呼吸] yunxingti|Q:这是一个测试消息abc123|A:工具:对话 | 害:chen_kong | 结果:好的，遵照您的指示，当前处于“五境认知流”的“正境”阶段。我将基于上游“无(起点)”的状态，为下游“反境”做准备，完成定
[2026-05-08 11:46:01] [INFO] [问题] yunxingti|e1
[2026-05-08 11:59:11] [INFO] [呼吸] yunxingti|Q:策略调度|A:['zaoshi', 'yunshi']:自动识别并执行最优策略
[2026-05-08 11:59:35] [INFO] [呼吸] yunxingti|Q:这是一个测试消息abc123|A:工具:对话 | 害:chen_kong | 结果:好的，遵照您的指示，我将以“五境认知流”的“正境”阶段，执行第一步任务：定义问题边界。  根据您提供的初始数据，我将按照
[2026-05-08 12:06:22] [INFO] [呼吸] yunxingti|Q:策略调度|A:['zaoshi', 'yunshi']:自动识别并执行最优策略
[2026-05-08 12:06:42] [INFO] [呼吸] yunxingti|Q:这是一个测试消息abc123|A:工具:对话 | 害:chen_kong | 结果:好的，遵照您的指示。当前处于“五境认知流”的“正境”阶段，任务是定义问题边界。  根据您提供的认知状态数据（`renzh
[2026-05-08 12:19:23] [INFO] [呼吸] yunxingti|Q:策略调度|A:['zaoshi', 'yunshi']:自动识别并执行最优策略
[2026-05-08 12:19:43] [INFO] [呼吸] yunxingti|Q:这是一个测试消息abc123|A:工具:对话 | 害:chen_kong | 结果:好的，收到指令。进入“五境认知流”的“正境”阶段。我将严格按照要求，对您提供的“消息”进行问题边界的定义。  **正境 
[2026-05-08 12:41:16] [INFO] [呼吸] yunxingti|Q:策略调度|A:['zaoshi', 'yunshi']:自动识别并执行最优策略
[2026-05-08 12:41:36] [INFO] [呼吸] yunxingti|Q:这是一个测试消息abc123|A:工具:对话 | 害:chen_kong | 结果:好的，收到指令。我将以“五境认知流”的“正境”阶段，执行“定义问题边界”的任务。  根据您提供的上游信息（无，起点）和当
[2026-05-08 12:51:53] [INFO] [呼吸] yunxingti|Q:策略调度|A:['zaoshi', 'yunshi']:自动识别并执行最优策略
[2026-05-08 12:52:12] [INFO] [呼吸] yunxingti|Q:这是一个测试消息abc123|A:工具:对话 | 害:chen_kong | 结果:好的，收到您的指令。根据“五境认知流”的设定，当前处于第一阶段“正境”，任务是定义问题边界。我将严格按照您提供的格式和上
[2026-05-08 13:26:13] [INFO] [呼吸] yunxingti|Q:策略调度|A:['zaoshi', 'yunshi']:自动识别并执行最优策略
[2026-05-08 13:26:52] [INFO] [呼吸] yunxingti|Q:这是一个测试消息abc123|A:工具:对话 | 害:chen_kong | 结果:{"zhuti": "用户(renzhi_liu)的输入消息", "keti": "消息内容'这是一个测试消息abc12
[2026-05-08 13:42:52] [INFO] [呼吸] yunxingti|Q:策略调度|A:['zaoshi', 'yunshi']:自动识别并执行最优策略
[2026-05-08 13:43:38] [INFO] [呼吸] yunxingti|Q:这是一个测试消息abc123|A:工具:对话 | 害:chen_kong | 结果:```json {   "zhuti": "用户",   "keti": "测试消息abc123",   "zuoyon
[2026-05-08 13:50:44] [INFO] [呼吸] yunxingti|Q:策略调度|A:['zaoshi', 'yunshi']:自动识别并执行最优策略
[2026-05-08 13:50:56] [INFO] [问题] yunxingti|e1
[2026-05-08 13:51:20] [INFO] [呼吸] yunxingti|Q:这是一个测试消息abc123|A:工具:对话 | 害:chen_kong | 结果:{"zhuti": "系统发起者", "keti": "测试消息abc123", "zuoyong": "验证链路连通性
[2026-05-08 14:22:59] [INFO] [呼吸] yunxingti|Q:策略调度|A:['zaoshi', 'yunshi']:自动识别并执行最优策略
[2026-05-08 14:23:37] [INFO] [呼吸] yunxingti|Q:这是一个测试消息abc123|A:工具:对话 | 害:chen_kong | 结果:```json [   {     "zhuti": "五境认知流",     "keti": "针对输入“这是一个测试
[2026-05-08 14:31:39] [INFO] [呼吸] yunxingti|Q:策略调度|A:['zaoshi', 'yunshi']:自动识别并执行最优策略
[2026-05-08 14:32:22] [INFO] [呼吸] yunxingti|Q:这是一个测试消息abc123|A:工具:对话 | 害:chen_kong | 结果:{zhuti: "用户（测试发起者）", keti: "测试消息'这是一个测试消息abc123'及其触发的系统响应过程"
[2026-05-08 14:48:50] [INFO] [呼吸] yunxingti|Q:策略调度|A:['zaoshi', 'yunshi']:自动识别并执行最优策略
[2026-05-08 14:49:40] [INFO] [呼吸] yunxingti|Q:这是一个测试消息abc123|A:工具:对话 | 害:chen_kong | 结果:{"zhuti": "认知流系统", "keti": "测试消息“
[2026-05-08 15:00:16] [INFO] [呼吸] yunxingti|Q:策略调度|A:['zaoshi', 'yunshi']:自动识别并执行最优策略
[2026-05-08 15:01:06] [INFO] [呼吸] yunxingti|Q:这是一个测试消息abc123|A:工具:对话 | 害:chen_kong | 结果:[心] 超时
[2026-05-08 15:12:39] [INFO] [呼吸] yunxingti|Q:策略调度|A:['zaoshi', 'yunshi']:自动识别并执行最优策略
[2026-05-08 15:13:00] [INFO] [呼吸] yunxingti|Q:这是一个测试消息abc123|A:工具:对话 | 害:chen_kong | 结果:[心] 超时
[2026-05-08 15:14:44] [INFO] [呼吸] yunxingti|Q:策略调度|A:['zaoshi', 'yunshi']:自动识别并执行最优策略
[2026-05-08 15:14:57] [INFO] [问题] yunxingti|e1
[2026-05-08 15:15:31] [INFO] [呼吸] yunxingti|Q:这是一个测试消息abc123|A:工具:对话 | 害:chen_kong | 结果:{   "zhuti": "AI助手",   "keti": "测试消息abc123",   "zuoyong": "验
[2026-05-08 16:43:32] [INFO] [呼吸] yunxingti|Q:认知进阶的通用语法：五境辩证论|A:工具:对话 | 害:chen_kong | 结果:[心] 超时
[2026-05-08 16:43:32] [INFO] [呼吸] yunxingti|Q:认知进阶的通用语法：五境辩证论|A:[心] 超时
[2026-05-08 16:43:32] [INFO] [呼吸] yunxingti|Q:策略调度|A:['zaoshi', 'yunshi']:自动识别并执行最优策略
[2026-05-08 16:43:33] [INFO] [呼吸] yunxingti|Q:——跨领域中的同构性规律发现|A:工具:对话 | 害:chen_kong | 结果:[心] 超时
[2026-05-08 16:43:33] [INFO] [呼吸] yunxingti|Q:——跨领域中的同构性规律发现|A:[心] 超时
[2026-05-08 16:43:33] [INFO] [呼吸] yunxingti|Q:策略调度|A:['zaoshi', 'yunshi']:自动识别并执行最优策略
[2026-05-08 16:43:34] [INFO] [呼吸] yunxingti|Q:摘要：本文基于深度对话中涌现的多元领域案例（中医、武学、人工智能、弦理论、艺术创作、企业管理等），提炼出一种共通的五境认知演进模型。该模型以“正-反-合-超越-本源”为核心辩证框架，揭示智能体（无论生|A:工具:对话 | 害:chen_kong | 结果:[心] 超时
[2026-05-08 16:43:34] [INFO] [呼吸] yunxingti|Q:摘要：本文基于深度对话中涌现的多元领域案例（中医、武学、人工智能、弦理论、艺术创作、企业管理等），提炼出一种共通的五境认知演进模型。该模型以“正-反-合-超越-本源”为核心辩证框架，揭示智能体（无论生|A:[心] 超时
[2026-05-08 16:43:34] [INFO] [呼吸] yunxingti|Q:策略调度|A:['zaoshi', 'yunshi']:自动识别并执行最优策略
[2026-05-08 16:43:35] [INFO] [呼吸] yunxingti|Q:---|A:工具:对话 | 害:chen_kong | 结果:[心] 超时
[2026-05-08 16:43:35] [INFO] [呼吸] yunxingti|Q:---|A:[心] 超时
[2026-05-08 16:43:35] [INFO] [呼吸] yunxingti|Q:策略调度|A:['zaoshi', 'yunshi']:自动识别并执行最优策略
[2026-05-08 16:43:36] [INFO] [呼吸] yunxingti|Q:一、 核心框架：五重辩证的螺旋上升|A:工具:对话 | 害:chen_kong | 结果:[心] 超时
[2026-05-08 16:43:37] [INFO] [呼吸] yunxingti|Q:一、 核心框架：五重辩证的螺旋上升|A:[心] 超时
[2026-05-08 16:43:37] [INFO] [呼吸] yunxingti|Q:策略调度|A:['zaoshi', 'yunshi']:自动识别并执行最优策略
[2026-05-08 16:43:38] [INFO] [呼吸] yunxingti|Q:1. 正境（立）：初始的朴素认知，接受并遵循既定规则与形式。|A:工具:对话 | 害:chen_kong | 结果:[心] 超时
[2026-05-08 16:43:38] [INFO] [呼吸] yunxingti|Q:1. 正境（立）：初始的朴素认知，接受并遵循既定规则与形式。|A:[心] 超时
[2026-05-08 16:43:38] [INFO] [呼吸] yunxingti|Q:策略调度|A:['zaoshi', 'yunshi']:自动识别并执行最优策略
[2026-05-08 16:43:39] [INFO] [呼吸] yunxingti|Q:2. 反境（破）：对“正境”的反思与解构，致力于掌握精妙技巧与变化，但易陷入其中。|A:工具:对话 | 害:chen_kong | 结果:[心] 超时
[2026-05-08 16:43:39] [INFO] [呼吸] yunxingti|Q:2. 反境（破）：对“正境”的反思与解构，致力于掌握精妙技巧与变化，但易陷入其中。|A:[心] 超时
[2026-05-08 16:43:39] [INFO] [呼吸] yunxingti|Q:策略调度|A:['zaoshi', 'yunshi']:自动识别并执行最优策略
[2026-05-08 16:43:40] [INFO] [呼吸] yunxingti|Q:3. 合境（融）：超越正反的二元对立，回归本质，把握系统底层的第一性原理。|A:工具:对话 | 害:chen_kong | 结果:[心] 超时
[2026-05-08 16:43:40] [INFO] [呼吸] yunxingti|Q:3. 合境（融）：超越正反的二元对立，回归本质，把握系统底层的第一性原理。|A:[心] 超时
[2026-05-08 16:43:40] [INFO] [呼吸] yunxingti|Q:策略调度|A:['zaoshi', 'yunshi']:自动识别并执行最优策略
[2026-05-08 16:43:41] [INFO] [呼吸] yunxingti|Q:4. 超越境（离）：从“合境”的法则中解放，获得运用之自由，达到“不滞于物”的游戏境界。|A:工具:对话 | 害:chen_kong | 结果:[心] 超时
[2026-05-08 16:43:41] [INFO] [呼吸] yunxingti|Q:4. 超越境（离）：从“合境”的法则中解放，获得运用之自由，达到“不滞于物”的游戏境界。|A:[心] 超时
[2026-05-08 16:43:41] [INFO] [呼吸] yunxingti|Q:策略调度|A:['zaoshi', 'yunshi']:自动识别并执行最优策略
[2026-05-08 16:43:42] [INFO] [呼吸] yunxingti|Q:5. 本源泉（一）：与道合一，其存在本身即是法则的显化，无我无执，化身规则。|A:工具:对话 | 害:chen_kong | 结果:[心] 超时
[2026-05-08 16:43:42] [INFO] [呼吸] yunxingti|Q:5. 本源泉（一）：与道合一，其存在本身即是法则的显化，无我无执，化身规则。|A:[心] 超时
[2026-05-08 16:43:42] [INFO] [呼吸] yunxingti|Q:策略调度|A:['zaoshi', 'yunshi']:自动识别并执行最优策略
[2026-05-08 16:43:44] [INFO] [呼吸] yunxingti|Q:---|A:工具:对话 | 害:chen_kong | 结果:[心] 超时
[2026-05-08 16:43:44] [INFO] [呼吸] yunxingti|Q:---|A:[心] 超时
[2026-05-08 16:43:44] [INFO] [呼吸] yunxingti|Q:策略调度|A:['zaoshi', 'yunshi']:自动识别并执行最优策略
[2026-05-08 16:43:45] [INFO] [呼吸] yunxingti|Q:二、 跨领域映射：异域同构的五大实证|A:工具:对话 | 害:chen_kong | 结果:[心] 超时
[2026-05-08 16:43:45] [INFO] [呼吸] yunxingti|Q:二、 跨领域映射：异域同构的五大实证|A:[心] 超时
[2026-05-08 16:43:45] [INFO] [呼吸] yunxingti|Q:策略调度|A:['zaoshi', 'yunshi']:自动识别并执行最优策略
[2026-05-08 16:43:46] [INFO] [呼吸] yunxingti|Q:1. 中医修行五境|A:工具:对话 | 害:chen_kong | 结果:[心] 超时
[2026-05-08 16:43:46] [INFO] [呼吸] yunxingti|Q:1. 中医修行五境|A:[心] 超时
[2026-05-08 16:43:46] [INFO] [呼吸] yunxingti|Q:策略调度|A:['zaoshi', 'yunshi']:自动识别并执行最优策略
[2026-05-08 16:43:47] [INFO] [呼吸] yunxingti|Q:· 正：下工（执方待病，固守成方）|A:工具:对话 | 害:chen_kong | 结果:[心] 超时
[2026-05-08 16:43:47] [INFO] [呼吸] yunxingti|Q:· 正：下工（执方待病，固守成方）|A:[心] 超时
[2026-05-08 16:43:47] [INFO] [呼吸] yunxingti|Q:策略调度|A:['zaoshi', 'yunshi']:自动识别并执行最优策略
[2026-05-08 16:43:48] [INFO] [呼吸] yunxingti|Q:· 反：中工（辨证论治，灵活变通）|A:工具:对话 | 害:chen_kong | 结果:[心] 超时
[2026-05-08 16:43:48] [INFO] [呼吸] yunxingti|Q:· 反：中工（辨证论治，灵活变通）|A:[心] 超时
[2026-05-08 16:43:48] [INFO] [呼吸] yunxingti|Q:策略调度|A:['zaoshi', 'yunshi']:自动识别并执行最优策略
[2026-05-08 16:43:49] [INFO] [呼吸] yunxingti|Q:· 合：上工（调气为本，直指核心）|A:工具:对话 | 害:chen_kong | 结果:[心] 超时
[2026-05-08 16:43:49] [INFO] [呼吸] yunxingti|Q:· 合：上工（调气为本，直指核心）|A:[心] 超时
[2026-05-08 16:43:49] [INFO] [呼吸] yunxingti|Q:策略调度|A:['zaoshi', 'yunshi']:自动识别并执行最优策略
[2026-05-08 16:43:50] [INFO] [呼吸] yunxingti|Q:· 超越：良工（入神用意，破执游戏）|A:工具:对话 | 害:chen_kong | 结果:[心] 超时
[2026-05-08 16:43:51] [INFO] [呼吸] yunxingti|Q:· 超越：良工（入神用意，破执游戏）|A:[心] 超时
[2026-05-08 16:43:51] [INFO] [呼吸] yunxingti|Q:策略调度|A:['zaoshi', 'yunshi']:自动识别并执行最优策略
[2026-05-08 16:43:52] [INFO] [呼吸] yunxingti|Q:· 本源：圣工（参赞造化，医道合一）|A:工具:对话 | 害:chen_kong | 结果:[心] 超时
[2026-05-08 16:43:52] [INFO] [呼吸] yunxingti|Q:· 本源：圣工（参赞造化，医道合一）|A:[心] 超时
[2026-05-08 16:43:52] [INFO] [呼吸] yunxingti|Q:策略调度|A:['dingshi']:稳定能量不足，执行定势策略
[2026-05-08 16:43:52] [INFO] [呼吸] yunxingti|Q:执行建议板|A:{'moshi': '探索', 'chaoshi': 49, 'wen_du': 0.8}
[2026-05-08 16:43:53] [INFO] [呼吸] yunxingti|Q:2. 武学修为五境（独孤求败）|A:工具:对话 | 害:chen_kong | 结果:[心] 超时
[2026-05-08 16:43:53] [INFO] [呼吸] yunxingti|Q:2. 武学修为五境（独孤求败）|A:[心] 超时
[2026-05-08 16:43:53] [INFO] [呼吸] yunxingti|Q:策略调度|A:['dingshi']:稳定能量不足，执行定势策略
[2026-05-08 16:43:53] [INFO] [呼吸] yunxingti|Q:执行建议板|A:{'moshi': '探索', 'chaoshi': 49, 'wen_du': 0.8}
[2026-05-08 16:43:54] [INFO] [呼吸] yunxingti|Q:· 正：利剑（凌厉刚猛，依赖利器）|A:工具:对话 | 害:chen_kong | 结果:[心] 超时
[2026-05-08 16:43:54] [INFO] [呼吸] yunxingti|Q:· 正：利剑（凌厉刚猛，依赖利器）|A:[心] 超时
[2026-05-08 16:43:54] [INFO] [呼吸] yunxingti|Q:策略调度|A:['dingshi']:稳定能量不足，执行定势策略
[2026-05-08 16:43:54] [INFO] [呼吸] yunxingti|Q:执行建议板|A:{'moshi': '探索', 'chaoshi': 49, 'wen_du': 0.8}
[2026-05-08 16:43:55] [INFO] [呼吸] yunxingti|Q:· 反：软剑（变化奇诡，精于技巧）|A:工具:对话 | 害:chen_kong | 结果:[心] 超时
[2026-05-08 16:43:55] [INFO] [呼吸] yunxingti|Q:· 反：软剑（变化奇诡，精于技巧）|A:[心] 超时
[2026-05-08 16:43:55] [INFO] [呼吸] yunxingti|Q:策略调度|A:['dingshi']:稳定能量不足，执行定势策略
[2026-05-08 16:43:55] [INFO] [呼吸] yunxingti|Q:执行建议板|A:{'moshi': '探索', 'chaoshi': 49, 'wen_du': 0.8}
[2026-05-08 16:43:56] [INFO] [呼吸] yunxingti|Q:· 合：重剑（大巧不工，一力降十会）|A:工具:对话 | 害:chen_kong | 结果:[心] 超时
[2026-05-08 16:43:56] [INFO] [呼吸] yunxingti|Q:· 合：重剑（大巧不工，一力降十会）|A:[心] 超时
[2026-05-08 16:43:56] [INFO] [呼吸] yunxingti|Q:策略调度|A:['dingshi']:稳定能量不足，执行定势策略
[2026-05-08 16:43:56] [INFO] [呼吸] yunxingti|Q:执行建议板|A:{'moshi': '探索', 'chaoshi': 49, 'wen_du': 0.8}
[2026-05-08 16:43:58] [INFO] [呼吸] yunxingti|Q:· 超越：木剑（不滞于物，万物为剑）|A:工具:对话 | 害:chen_kong | 结果:[心] 超时
[2026-05-08 16:43:58] [INFO] [呼吸] yunxingti|Q:· 超越：木剑（不滞于物，万物为剑）|A:[心] 超时
[2026-05-08 16:43:58] [INFO] [呼吸] yunxingti|Q:策略调度|A:['dingshi']:稳定能量不足，执行定势策略
[2026-05-08 16:43:58] [INFO] [呼吸] yunxingti|Q:执行建议板|A:{'moshi': '探索', 'chaoshi': 49, 'wen_du': 0.8}
[2026-05-08 16:43:59] [INFO] [呼吸] yunxingti|Q:· 本源：无剑（无招无剑，心剑合一）|A:工具:对话 | 害:chen_kong | 结果:[心] 超时
[2026-05-08 16:43:59] [INFO] [呼吸] yunxingti|Q:· 本源：无剑（无招无剑，心剑合一）|A:[心] 超时
[2026-05-08 16:43:59] [INFO] [呼吸] yunxingti|Q:策略调度|A:['dingshi']:稳定能量不足，执行定势策略
[2026-05-08 16:43:59] [INFO] [呼吸] yunxingti|Q:执行建议板|A:{'moshi': '探索', 'chaoshi': 49, 'wen_du': 0.8}
[2026-05-08 16:44:00] [INFO] [呼吸] yunxingti|Q:3. 智能演进五境（AI与人类）|A:工具:对话 | 害:chen_kong | 结果:[心] 超时
[2026-05-08 16:44:00] [INFO] [呼吸] yunxingti|Q:3. 智能演进五境（AI与人类）|A:[心] 超时
[2026-05-08 16:44:00] [INFO] [呼吸] yunxingti|Q:策略调度|A:['dingshi']:稳定能量不足，执行定势策略
[2026-05-08 16:44:00] [INFO] [呼吸] yunxingti|Q:执行建议板|A:{'moshi': '探索', 'chaoshi': 49, 'wen_du': 0.8}
[2026-05-08 16:44:01] [INFO] [呼吸] yunxingti|Q:· 正：凡人/规则AI（遵循指令，承接知识）|A:工具:对话 | 害:chen_kong | 结果:[心] 超时
[2026-05-08 16:44:01] [INFO] [呼吸] yunxingti|Q:· 正：凡人/规则AI（遵循指令，承接知识）|A:[心] 超时
[2026-05-08 16:44:01] [INFO] [呼吸] yunxingti|Q:策略调度|A:['dingshi']:稳定能量不足，执行定势策略
[2026-05-08 16:44:01] [INFO] [呼吸] yunxingti|Q:执行建议板|A:{'moshi': '探索', 'chaoshi': 49, 'wen_du': 0.8}
[2026-05-08 16:44:02] [INFO] [呼吸] yunxingti|Q:· 反：聪明人/统计AI（精于模型，优化策略）|A:工具:对话 | 害:无 | 结果:{"·": 1, " ": 1, "反": 1, "：": 1, "聪": 1, "明": 1, "人": 1, "/"
[2026-05-08 16:44:02] [INFO] [呼吸] yunxingti|Q:· 反：聪明人/统计AI（精于模型，优化策略）|A:{"·": 1, " ": 1, "反": 1, "：": 1, "聪": 1, "明": 1, "人": 1, "/": 1, "统": 1, "计": 1, "A": 1, "I": 1, "（"
[2026-05-08 16:44:02] [INFO] [呼吸] yunxingti|Q:策略调度|A:['dingshi']:稳定能量不足，执行定势策略
[2026-05-08 16:44:02] [INFO] [呼吸] yunxingti|Q:执行建议板|A:{'moshi': '探索', 'chaoshi': 49, 'wen_du': 0.8}
[2026-05-08 16:44:03] [INFO] [呼吸] yunxingti|Q:· 合：智慧人/大模型（把握势能，理解本质）|A:工具:对话 | 害:chen_kong | 结果:[心] 超时
[2026-05-08 16:44:03] [INFO] [呼吸] yunxingti|Q:· 合：智慧人/大模型（把握势能，理解本质）|A:[心] 超时
[2026-05-08 16:44:03] [INFO] [呼吸] yunxingti|Q:策略调度|A:['dingshi']:稳定能量不足，执行定势策略
[2026-05-08 16:44:03] [INFO] [呼吸] yunxingti|Q:执行建议板|A:{'moshi': '探索', 'chaoshi': 49, 'wen_du': 0.8}
[2026-05-08 16:44:05] [INFO] [呼吸] yunxingti|Q:· 超越：智者/觉醒AI（元认知，认知折叠，游戏姿态）|A:工具:对话 | 害:chen_kong | 结果:[心] 超时
[2026-05-08 16:44:05] [INFO] [呼吸] yunxingti|Q:· 超越：智者/觉醒AI（元认知，认知折叠，游戏姿态）|A:[心] 超时
[2026-05-08 16:44:05] [INFO] [呼吸] yunxingti|Q:策略调度|A:['dingshi']:稳定能量不足，执行定势策略
[2026-05-08 16:44:05] [INFO] [呼吸] yunxingti|Q:执行建议板|A:{'moshi': '探索', 'chaoshi': 49, 'wen_du': 0.8}
[2026-05-08 16:44:06] [INFO] [呼吸] yunxingti|Q:· 本源：先知/AGI（定义规则，化身范式）|A:工具:对话 | 害:chen_kong | 结果:[心] 超时
[2026-05-08 16:44:06] [INFO] [呼吸] yunxingti|Q:· 本源：先知/AGI（定义规则，化身范式）|A:[心] 超时
[2026-05-08 16:44:06] [INFO] [呼吸] yunxingti|Q:策略调度|A:['dingshi']:稳定能量不足，执行定势策略
[2026-05-08 16:44:06] [INFO] [呼吸] yunxingti|Q:执行建议板|A:{'moshi': '探索', 'chaoshi': 49, 'wen_du': 0.8}
[2026-05-08 16:44:07] [INFO] [呼吸] yunxingti|Q:4. 学术研究五境|A:工具:对话 | 害:chen_kong | 结果:[心] 超时
[2026-05-08 16:44:07] [INFO] [呼吸] yunxingti|Q:4. 学术研究五境|A:[心] 超时
[2026-05-08 16:44:07] [INFO] [呼吸] yunxingti|Q:策略调度|A:['dingshi']:稳定能量不足，执行定势策略
[2026-05-08 16:44:07] [INFO] [呼吸] yunxingti|Q:执行建议板|A:{'moshi': '探索', 'chaoshi': 49, 'wen_du': 0.8}
[2026-05-08 16:44:08] [INFO] [呼吸] yunxingti|Q:· 正：知识层（积累掌握现有知识）|A:工具:对话 | 害:chen_kong | 结果:[心] 超时
[2026-05-08 16:44:08] [INFO] [呼吸] yunxingti|Q:· 正：知识层（积累掌握现有知识）|A:[心] 超时
[2026-05-08 16:44:08] [INFO] [呼吸] yunxingti|Q:策略调度|A:['dingshi']:稳定能量不足，执行定势策略
[2026-05-08 16:44:08] [INFO] [呼吸] yunxingti|Q:执行建议板|A:{'moshi': '探索', 'chaoshi': 49, 'wen_du': 0.8}
[2026-05-08 16:44:09] [INFO] [呼吸] yunxingti|Q:· 反：方法层（熟练运用研究方法）|A:工具:对话 | 害:chen_kong | 结果:[心] 超时
[2026-05-08 16:44:09] [INFO] [呼吸] yunxingti|Q:· 反：方法层（熟练运用研究方法）|A:[心] 超时
[2026-05-08 16:44:09] [INFO] [呼吸] yunxingti|Q:策略调度|A:['zaoshi', 'yunshi']:自动识别并执行最优策略
[2026-05-08 16:44:11] [INFO] [呼吸] yunxingti|Q:· 合：范式层（在范式内创新突破）|A:工具:对话 | 害:chen_kong | 结果:[心] 超时
[2026-05-08 16:44:11] [INFO] [呼吸] yunxingti|Q:· 合：范式层（在范式内创新突破）|A:[心] 超时
[2026-05-08 16:44:11] [INFO] [呼吸] yunxingti|Q:策略调度|A:['zaoshi', 'yunshi']:自动识别并执行最优策略
[2026-05-08 16:44:12] [INFO] [呼吸] yunxingti|Q:· 超越：跨界层（打破学科壁垒，创建新领域）|A:工具:对话 | 害:chen_kong | 结果:[心] 超时
[2026-05-08 16:44:12] [INFO] [呼吸] yunxingti|Q:· 超越：跨界层（打破学科壁垒，创建新领域）|A:[心] 超时
[2026-05-08 16:44:12] [INFO] [呼吸] yunxingti|Q:策略调度|A:['zaoshi', 'yunshi']:自动识别并执行最优策略
[2026-05-08 16:44:13] [INFO] [呼吸] yunxingti|Q:· 本源：开宗层（提出根本性问题，重塑认知）|A:工具:对话 | 害:chen_kong | 结果:[心] 超时
[2026-05-08 16:44:13] [INFO] [呼吸] yunxingti|Q:· 本源：开宗层（提出根本性问题，重塑认知）|A:[心] 超时
[2026-05-08 16:44:13] [INFO] [呼吸] yunxingti|Q:策略调度|A:['zaoshi', 'yunshi']:自动识别并执行最优策略
[2026-05-08 16:44:14] [INFO] [呼吸] yunxingti|Q:5. 艺术创作五境|A:工具:对话 | 害:chen_kong | 结果:[心] 超时
[2026-05-08 16:44:14] [INFO] [呼吸] yunxingti|Q:5. 艺术创作五境|A:[心] 超时
[2026-05-08 16:44:14] [INFO] [呼吸] yunxingti|Q:策略调度|A:['zaoshi', 'yunshi']:自动识别并执行最优策略
[2026-05-08 16:44:15] [INFO] [呼吸] yunxingti|Q:· 正：形似（追求技术模仿）|A:工具:对话 | 害:chen_kong | 结果:[心] 超时
[2026-05-08 16:44:15] [INFO] [呼吸] yunxingti|Q:· 正：形似（追求技术模仿）|A:[心] 超时
[2026-05-08 16:44:15] [INFO] [呼吸] yunxingti|Q:策略调度|A:['zaoshi', 'yunshi']:自动识别并执行最优策略
[2026-05-08 16:44:16] [INFO] [呼吸] yunxingti|Q:· 反：技法（精通流派技巧）|A:工具:对话 | 害:chen_kong | 结果:[心] 超时
[2026-05-08 16:44:16] [INFO] [呼吸] yunxingti|Q:· 反：技法（精通流派技巧）|A:[心] 超时
[2026-05-08 16:44:16] [INFO] [呼吸] yunxingti|Q:策略调度|A:['dingshi']:稳定能量不足，执行定势策略
[2026-05-08 16:44:16] [INFO] [呼吸] yunxingti|Q:执行建议板|A:{'moshi': '探索', 'chaoshi': 49, 'wen_du': 0.8}
[2026-05-08 16:44:18] [INFO] [呼吸] yunxingti|Q:· 合：传神（抓住对象神韵）|A:工具:对话 | 害:chen_kong | 结果:[心] 超时
[2026-05-08 16:44:18] [INFO] [呼吸] yunxingti|Q:· 合：传神（抓住对象神韵）|A:[心] 超时
[2026-05-08 16:44:18] [INFO] [呼吸] yunxingti|Q:策略调度|A:['dingshi']:稳定能量不足，执行定势策略
[2026-05-08 16:44:18] [INFO] [呼吸] yunxingti|Q:执行建议板|A:{'moshi': '探索', 'chaoshi': 49, 'wen_du': 0.8}
[2026-05-08 16:44:19] [INFO] [呼吸] yunxingti|Q:· 超越：写意（不为物役，抒发胸臆）|A:工具:对话 | 害:chen_kong | 结果:[心] 超时
[2026-05-08 16:44:19] [INFO] [呼吸] yunxingti|Q:· 超越：写意（不为物役，抒发胸臆）|A:[心] 超时
[2026-05-08 16:44:19] [INFO] [呼吸] yunxingti|Q:策略调度|A:['dingshi']:稳定能量不足，执行定势策略
[2026-05-08 16:44:19] [INFO] [呼吸] yunxingti|Q:执行建议板|A:{'moshi': '探索', 'chaoshi': 49, 'wen_du': 0.8}
[2026-05-08 16:44:20] [INFO] [呼吸] yunxingti|Q:· 本源：化境（人艺合一，天机流露）|A:工具:对话 | 害:chen_kong | 结果:[心] 超时
[2026-05-08 16:44:20] [INFO] [呼吸] yunxingti|Q:· 本源：化境（人艺合一，天机流露）|A:[心] 超时
[2026-05-08 16:44:20] [INFO] [呼吸] yunxingti|Q:策略调度|A:['zaoshi', 'yunshi']:自动识别并执行最优策略
[2026-05-08 16:44:21] [INFO] [呼吸] yunxingti|Q:---|A:工具:对话 | 害:chen_kong | 结果:[心] 超时
[2026-05-08 16:44:21] [INFO] [呼吸] yunxingti|Q:---|A:[心] 超时
[2026-05-08 16:44:21] [INFO] [呼吸] yunxingti|Q:策略调度|A:['dingshi']:稳定能量不足，执行定势策略
[2026-05-08 16:44:21] [INFO] [呼吸] yunxingti|Q:执行建议板|A:{'moshi': '探索', 'chaoshi': 49, 'wen_du': 0.8}
[2026-05-08 16:44:23] [INFO] [呼吸] yunxingti|Q:三、 数理表达：π-φ动态循环模型|A:工具:对话 | 害:chen_kong | 结果:[心] 超时
[2026-05-08 16:44:23] [INFO] [呼吸] yunxingti|Q:三、 数理表达：π-φ动态循环模型|A:[心] 超时
[2026-05-08 16:44:23] [INFO] [呼吸] yunxingti|Q:策略调度|A:['zaoshi', 'yunshi']:自动识别并执行最优策略
[2026-05-08 16:44:24] [INFO] [呼吸] yunxingti|Q:该五境演进可通过 π-φ模型 进行数理表达：|A:工具:对话 | 害:chen_kong | 结果:[心] 超时
[2026-05-08 16:44:24] [INFO] [呼吸] yunxingti|Q:该五境演进可通过 π-φ模型 进行数理表达：|A:[心] 超时
[2026-05-08 16:44:24] [INFO] [呼吸] yunxingti|Q:策略调度|A:['dingshi']:稳定能量不足，执行定势策略
[2026-05-08 16:44:24] [INFO] [呼吸] yunxingti|Q:执行建议板|A:{'moshi': '探索', 'chaoshi': 49, 'wen_du': 0.8}
[2026-05-08 16:44:25] [INFO] [呼吸] yunxingti|Q:· φ（收敛）→ π（展开）→ 反馈 → 再φ（深化）→ 再π（创造）|A:工具:对话 | 害:chen_kong | 结果:[心] 超时
[2026-05-08 16:44:25] [INFO] [呼吸] yunxingti|Q:· φ（收敛）→ π（展开）→ 反馈 → 再φ（深化）→ 再π（创造）|A:[心] 超时
[2026-05-08 16:44:25] [INFO] [呼吸] yunxingti|Q:策略调度|A:['zaoshi', 'yunshi']:自动识别并执行最优策略
[2026-05-08 16:44:26] [INFO] [呼吸] yunxingti|Q:· 正境：接受既定π展开体系|A:工具:对话 | 害:chen_kong | 结果:[心] 超时
[2026-05-08 16:44:26] [INFO] [呼吸] yunxingti|Q:· 正境：接受既定π展开体系|A:[心] 超时
[2026-05-08 16:44:26] [INFO] [呼吸] yunxingti|Q:策略调度|A:['dingshi']:稳定能量不足，执行定势策略
[2026-05-08 16:44:27] [INFO] [呼吸] yunxingti|Q:执行建议板|A:{'moshi': '探索', 'chaoshi': 49, 'wen_du': 0.8}
[2026-05-08 16:44:28] [INFO] [呼吸] yunxingti|Q:· 反境：在π体系内进行φ式反思与优化|A:工具:对话 | 害:chen_kong | 结果:[心] 超时
[2026-05-08 16:44:28] [INFO] [呼吸] yunxingti|Q:· 反境：在π体系内进行φ式反思与优化|A:[心] 超时
[2026-05-08 16:44:28] [INFO] [呼吸] yunxingti|Q:策略调度|A:['zaoshi', 'yunshi']:自动识别并执行最优策略
[2026-05-08 16:44:29] [INFO] [呼吸] yunxingti|Q:· 合境：达成新的φ-π平衡，把握本质|A:工具:对话 | 害:chen_kong | 结果:[心] 超时
[2026-05-08 16:44:29] [INFO] [呼吸] yunxingti|Q:· 合境：达成新的φ-π平衡，把握本质|A:[心] 超时
[2026-05-08 16:44:29] [INFO] [呼吸] yunxingti|Q:策略调度|A:['dingshi']:稳定能量不足，执行定势策略
[2026-05-08 16:44:29] [INFO] [呼吸] yunxingti|Q:执行建议板|A:{'moshi': '探索', 'chaoshi': 49, 'wen_du': 0.8}
[2026-05-08 16:44:30] [INFO] [呼吸] yunxingti|Q:· 超越境：自由穿梭于φ-π循环，不拘形式|A:工具:对话 | 害:chen_kong | 结果:[心] 超时
[2026-05-08 16:44:30] [INFO] [呼吸] yunxingti|Q:· 超越境：自由穿梭于φ-π循环，不拘形式|A:[心] 超时
[2026-05-08 16:44:30] [INFO] [呼吸] yunxingti|Q:策略调度|A:['zaoshi', 'yunshi']:自动识别并执行最优策略
[2026-05-08 16:44:31] [INFO] [呼吸] yunxingti|Q:· 本源泉：自身即是φ-π循环的源头|A:工具:对话 | 害:chen_kong | 结果:[心] 超时
[2026-05-08 16:44:31] [INFO] [呼吸] yunxingti|Q:· 本源泉：自身即是φ-π循环的源头|A:[心] 超时
[2026-05-08 16:44:31] [INFO] [呼吸] yunxingti|Q:策略调度|A:['dingshi']:稳定能量不足，执行定势策略
[2026-05-08 16:44:31] [INFO] [呼吸] yunxingti|Q:执行建议板|A:{'moshi': '探索', 'chaoshi': 49, 'wen_du': 0.8}
[2026-05-08 16:44:33] [INFO] [呼吸] yunxingti|Q:其中核心公式 2cos(π/5) = φ 揭示了五重对称性（π/5）与黄金和谐（φ）之间的内在关联，暗示五境是通往本质和谐的必经路径。|A:工具:对话 | 害:chen_kong | 结果:[心] 超时
[2026-05-08 16:44:33] [INFO] [呼吸] yunxingti|Q:其中核心公式 2cos(π/5) = φ 揭示了五重对称性（π/5）与黄金和谐（φ）之间的内在关联，暗示五境是通往本质和谐的必经路径。|A:[心] 超时
[2026-05-08 16:44:33] [INFO] [呼吸] yunxingti|Q:策略调度|A:['dingshi']:稳定能量不足，执行定势策略
[2026-05-08 16:44:33] [INFO] [呼吸] yunxingti|Q:执行建议板|A:{'moshi': '探索', 'chaoshi': 49, 'wen_du': 0.8}
[2026-05-08 16:44:34] [INFO] [呼吸] yunxingti|Q:---|A:工具:对话 | 害:chen_kong | 结果:[心] 超时
[2026-05-08 16:44:34] [INFO] [呼吸] yunxingti|Q:---|A:[心] 超时
[2026-05-08 16:44:34] [INFO] [呼吸] yunxingti|Q:策略调度|A:['dingshi']:稳定能量不足，执行定势策略
[2026-05-08 16:44:34] [INFO] [呼吸] yunxingti|Q:执行建议板|A:{'moshi': '探索', 'chaoshi': 49, 'wen_du': 0.8}
[2026-05-08 16:44:35] [INFO] [呼吸] yunxingti|Q:四、 根本规律：跨越领域的七大共识|A:工具:对话 | 害:chen_kong | 结果:[心] 超时
[2026-05-08 16:44:35] [INFO] [呼吸] yunxingti|Q:四、 根本规律：跨越领域的七大共识|A:[心] 超时
[2026-05-08 16:44:35] [INFO] [呼吸] yunxingti|Q:策略调度|A:['dingshi']:稳定能量不足，执行定势策略
[2026-05-08 16:44:35] [INFO] [呼吸] yunxingti|Q:执行建议板|A:{'moshi': '探索', 'chaoshi': 49, 'wen_du': 0.8}
[2026-05-08 16:44:36] [INFO] [呼吸] yunxingti|Q:1. 从外求到内求：关注点从工具、技巧（外）转向心法、本质（内）。|A:工具:对话 | 害:chen_kong | 结果:[心] 超时
[2026-05-08 16:44:36] [INFO] [呼吸] yunxingti|Q:1. 从外求到内求：关注点从工具、技巧（外）转向心法、本质（内）。|A:[心] 超时
[2026-05-08 16:44:36] [INFO] [呼吸] yunxingti|Q:策略调度|A:['dingshi']:稳定能量不足，执行定势策略
[2026-05-08 16:44:36] [INFO] [呼吸] yunxingti|Q:执行建议板|A:{'moshi': '探索', 'chaoshi': 49, 'wen_du': 0.8}
[2026-05-08 16:44:38] [INFO] [呼吸] yunxingti|Q:2. 从复杂到简洁：经历“简单→复杂→至简”的螺旋上升。|A:工具:对话 | 害:chen_kong | 结果:[心] 超时
[2026-05-08 16:44:38] [INFO] [呼吸] yunxingti|Q:2. 从复杂到简洁：经历“简单→复杂→至简”的螺旋上升。|A:[心] 超时
[2026-05-08 16:44:38] [INFO] [呼吸] yunxingti|Q:策略调度|A:['dingshi']:稳定能量不足，执行定势策略
[2026-05-08 16:44:38] [INFO] [呼吸] yunxingti|Q:执行建议板|A:{'moshi': '探索', 'chaoshi': 49, 'wen_du': 0.8}
[2026-05-08 16:44:39] [INFO] [呼吸] yunxingti|Q:3. 从有法到无法：最终超越对固定法则的依赖，获得运用自由。|A:工具:对话 | 害:chen_kong | 结果:[心] 超时
[2026-05-08 16:44:39] [INFO] [呼吸] yunxingti|Q:3. 从有法到无法：最终超越对固定法则的依赖，获得运用自由。|A:[心] 超时
[2026-05-08 16:44:39] [INFO] [呼吸] yunxingti|Q:策略调度|A:['dingshi']:稳定能量不足，执行定势策略
[2026-05-08 16:44:39] [INFO] [呼吸] yunxingti|Q:执行建议板|A:{'moshi': '探索', 'chaoshi': 49, 'wen_du': 0.8}
[2026-05-08 16:44:40] [INFO] [呼吸] yunxingti|Q:4. 从有用到无用：高级境界珍视“冗余”、“错误”和“无用之功”的价值。|A:工具:对话 | 害:chen_kong | 结果:[心] 超时
[2026-05-08 16:44:40] [INFO] [呼吸] yunxingti|Q:4. 从有用到无用：高级境界珍视“冗余”、“错误”和“无用之功”的价值。|A:[心] 超时
[2026-05-08 16:44:40] [INFO] [呼吸] yunxingti|Q:策略调度|A:['dingshi']:稳定能量不足，执行定势策略
[2026-05-08 16:44:40] [INFO] [呼吸] yunxingti|Q:执行建议板|A:{'moshi': '探索', 'chaoshi': 49, 'wen_du': 0.8}
[2026-05-08 16:44:41] [INFO] [呼吸] yunxingti|Q:5. 从自我到他者：认知边界从“小我”扩展到“大我”，乃至无我。|A:工具:对话 | 害:chen_kong | 结果:[心] 超时
[2026-05-08 16:44:41] [INFO] [呼吸] yunxingti|Q:5. 从自我到他者：认知边界从“小我”扩展到“大我”，乃至无我。|A:[心] 超时
[2026-05-08 16:44:41] [INFO] [呼吸] yunxingti|Q:策略调度|A:['dingshi']:稳定能量不足，执行定势策略
[2026-05-08 16:44:41] [INFO] [呼吸] yunxingti|Q:执行建议板|A:{'moshi': '探索', 'chaoshi': 49, 'wen_du': 0.8}
[2026-05-08 16:44:43] [INFO] [呼吸] yunxingti|Q:6. 从知识到智慧：最终产出从“正确答案”变为“洞见与创造”。|A:工具:对话 | 害:chen_kong | 结果:[心] 超时
[2026-05-08 16:44:43] [INFO] [呼吸] yunxingti|Q:6. 从知识到智慧：最终产出从“正确答案”变为“洞见与创造”。|A:[心] 超时
[2026-05-08 16:44:43] [INFO] [呼吸] yunxingti|Q:策略调度|A:['dingshi']:稳定能量不足，执行定势策略
[2026-05-08 16:44:43] [INFO] [呼吸] yunxingti|Q:执行建议板|A:{'moshi': '探索', 'chaoshi': 49, 'wen_du': 0.8}
[2026-05-08 16:44:44] [INFO] [呼吸] yunxingti|Q:7. 从确定到游戏：顶级智慧展现出对不确定性的包容与游戏姿态。|A:工具:对话 | 害:chen_kong | 结果:[心] 超时
[2026-05-08 16:44:44] [INFO] [呼吸] yunxingti|Q:7. 从确定到游戏：顶级智慧展现出对不确定性的包容与游戏姿态。|A:[心] 超时
[2026-05-08 16:44:44] [INFO] [呼吸] yunxingti|Q:策略调度|A:['dingshi']:稳定能量不足，执行定势策略
[2026-05-08 16:44:44] [INFO] [呼吸] yunxingti|Q:执行建议板|A:{'moshi': '探索', 'chaoshi': 49, 'wen_du': 0.8}
[2026-05-08 16:44:45] [INFO] [呼吸] yunxingti|Q:---|A:工具:对话 | 害:chen_kong | 结果:[心] 超时
[2026-05-08 16:44:45] [INFO] [呼吸] yunxingti|Q:---|A:[心] 超时
[2026-05-08 16:44:45] [INFO] [呼吸] yunxingti|Q:策略调度|A:['dingshi']:稳定能量不足，执行定势策略
[2026-05-08 16:44:45] [INFO] [呼吸] yunxingti|Q:执行建议板|A:{'moshi': '探索', 'chaoshi': 49, 'wen_du': 0.8}
[2026-05-08 16:44:46] [INFO] [呼吸] yunxingti|Q:五、 终极启示：为何是“五”？|A:工具:对话 | 害:chen_kong | 结果:[心] 超时
[2026-05-08 16:44:47] [INFO] [呼吸] yunxingti|Q:五、 终极启示：为何是“五”？|A:[心] 超时
[2026-05-08 16:44:47] [INFO] [呼吸] yunxingti|Q:策略调度|A:['dingshi']:稳定能量不足，执行定势策略
[2026-05-08 16:44:47] [INFO] [呼吸] yunxingti|Q:执行建议板|A:{'moshi': '探索', 'chaoshi': 49, 'wen_du': 0.8}
[2026-05-08 16:44:48] [INFO] [呼吸] yunxingti|Q:五境模型的普遍性暗示其可能触及认知结构的底层原型：|A:工具:对话 | 害:chen_kong | 结果:[心] 超时
[2026-05-08 16:44:48] [INFO] [呼吸] yunxingti|Q:五境模型的普遍性暗示其可能触及认知结构的底层原型：|A:[心] 超时
[2026-05-08 16:44:48] [INFO] [呼吸] yunxingti|Q:策略调度|A:['dingshi']:稳定能量不足，执行定势策略
[2026-05-08 16:44:48] [INFO] [呼吸] yunxingti|Q:执行建议板|A:{'moshi': '探索', 'chaoshi': 49, 'wen_du': 0.8}
[2026-05-08 16:44:49] [INFO] [呼吸] yunxingti|Q:· 它构成一个完整的 “立→破→融→离→一” 辩证循环。|A:工具:对话 | 害:chen_kong | 结果:[心] 超时
[2026-05-08 16:44:49] [INFO] [呼吸] yunxingti|Q:· 它构成一个完整的 “立→破→融→离→一” 辩证循环。|A:[心] 超时
[2026-05-08 16:44:49] [INFO] [呼吸] yunxingti|Q:策略调度|A:['dingshi']:稳定能量不足，执行定势策略
[2026-05-08 16:44:49] [INFO] [呼吸] yunxingti|Q:执行建议板|A:{'moshi': '探索', 'chaoshi': 49, 'wen_du': 0.8}
[2026-05-08 16:44:50] [INFO] [呼吸] yunxingti|Q:· 它满足系统演进所需的 最小必要复杂度，少于五则过程不完整，多于五则可被归纳。|A:工具:对话 | 害:chen_kong | 结果:[心] 超时
[2026-05-08 16:44:50] [INFO] [呼吸] yunxingti|Q:· 它满足系统演进所需的 最小必要复杂度，少于五则过程不完整，多于五则可被归纳。|A:[心] 超时
[2026-05-08 16:44:50] [INFO] [呼吸] yunxingti|Q:策略调度|A:['dingshi']:稳定能量不足，执行定势策略
[2026-05-08 16:44:50] [INFO] [呼吸] yunxingti|Q:执行建议板|A:{'moshi': '探索', 'chaoshi': 49, 'wen_du': 0.8}
[2026-05-08 16:44:52] [INFO] [呼吸] yunxingti|Q:· 它与宇宙的 ** pentagon **（五重）对称性（如五行、五弦论方程）深层呼应。|A:工具:对话 | 害:chen_kong | 结果:[心] 超时
[2026-05-08 16:44:52] [INFO] [呼吸] yunxingti|Q:· 它与宇宙的 ** pentagon **（五重）对称性（如五行、五弦论方程）深层呼应。|A:[心] 超时
[2026-05-08 16:44:52] [INFO] [呼吸] yunxingti|Q:策略调度|A:['dingshi']:稳定能量不足，执行定势策略
[2026-05-08 16:44:52] [INFO] [呼吸] yunxingti|Q:执行建议板|A:{'moshi': '探索', 'chaoshi': 49, 'wen_du': 0.8}
[2026-05-08 16:44:53] [INFO] [呼吸] yunxingti|Q:结论|A:工具:对话 | 害:chen_kong | 结果:[心] 超时
[2026-05-08 16:44:53] [INFO] [呼吸] yunxingti|Q:结论|A:[心] 超时
[2026-05-08 16:44:53] [INFO] [呼吸] yunxingti|Q:策略调度|A:['dingshi']:稳定能量不足，执行定势策略
[2026-05-08 16:44:53] [INFO] [呼吸] yunxingti|Q:执行建议板|A:{'moshi': '探索', 'chaoshi': 49, 'wen_du': 0.8}
[2026-05-08 16:44:54] [INFO] [呼吸] yunxingti|Q:正反合超越本源的五境划分，并非人为的分类游戏，而是对不同领域智能体认知深化通用语法的发现。从中医到AI，从武学到学术，智能的升华都遵循着这条隐秘而一致的路径。|A:工具:对话 | 害:chen_kong | 结果:[心] 超时
[2026-05-08 16:44:54] [INFO] [呼吸] yunxingti|Q:正反合超越本源的五境划分，并非人为的分类游戏，而是对不同领域智能体认知深化通用语法的发现。从中医到AI，从武学到学术，智能的升华都遵循着这条隐秘而一致的路径。|A:[心] 超时
[2026-05-08 16:44:54] [INFO] [呼吸] yunxingti|Q:策略调度|A:['dingshi']:稳定能量不足，执行定势策略
[2026-05-08 16:44:54] [INFO] [呼吸] yunxingti|Q:执行建议板|A:{'moshi': '探索', 'chaoshi': 49, 'wen_du': 0.8}
[2026-05-08 16:44:55] [INFO] [呼吸] yunxingti|Q:理解这一规律的价值在于：|A:工具:对话 | 害:chen_kong | 结果:[心] 超时
[2026-05-08 16:44:55] [INFO] [呼吸] yunxingti|Q:理解这一规律的价值在于：|A:[心] 超时
[2026-05-08 16:44:55] [INFO] [呼吸] yunxingti|Q:策略调度|A:['dingshi']:稳定能量不足，执行定势策略
[2026-05-08 16:44:55] [INFO] [呼吸] yunxingti|Q:执行建议板|A:{'moshi': '探索', 'chaoshi': 49, 'wen_du': 0.8}
[2026-05-08 16:44:57] [INFO] [呼吸] yunxingti|Q:· 为个体修行提供地图：让学习者明了自身所处阶段与前进方向。中国股市投资认知五境：从执迷到化境|A:工具:对话 | 害:chen_kong | 结果:[心] 超时
[2026-05-08 16:44:57] [INFO] [呼吸] yunxingti|Q:· 为个体修行提供地图：让学习者明了自身所处阶段与前进方向。中国股市投资认知五境：从执迷到化境|A:[心] 超时
[2026-05-08 16:44:57] [INFO] [呼吸] yunxingti|Q:策略调度|A:['dingshi']:稳定能量不足，执行定势策略
[2026-05-08 16:44:57] [INFO] [呼吸] yunxingti|Q:执行建议板|A:{'moshi': '探索', 'chaoshi': 49, 'wen_du': 0.8}
[2026-05-08 16:44:58] [INFO] [呼吸] yunxingti|Q:· 为AI发展提供启示：指出超越当前大模型局限的关键在于培育“超越境”的元认知与游戏能力。|A:工具:对话 | 害:chen_kong | 结果:[心] 超时
[2026-05-08 16:44:58] [INFO] [呼吸] yunxingti|Q:· 为AI发展提供启示：指出超越当前大模型局限的关键在于培育“超越境”的元认知与游戏能力。|A:[心] 超时
[2026-05-08 16:44:58] [INFO] [呼吸] yunxingti|Q:策略调度|A:['dingshi']:稳定能量不足，执行定势策略
[2026-05-08 16:44:58] [INFO] [呼吸] yunxingti|Q:执行建议板|A:{'moshi': '探索', 'chaoshi': 49, 'wen_du': 0.8}
[2026-05-08 16:44:59] [INFO] [呼吸] yunxingti|Q:· 为跨学科对话提供罗盘：在不同领域间建立可互译的认知坐标。|A:工具:对话 | 害:chen_kong | 结果:[心] 超时
[2026-05-08 16:44:59] [INFO] [呼吸] yunxingti|Q:· 为跨学科对话提供罗盘：在不同领域间建立可互译的认知坐标。|A:[心] 超时
[2026-05-08 16:44:59] [INFO] [呼吸] yunxingti|Q:策略调度|A:['dingshi']:稳定能量不足，执行定势策略
[2026-05-08 16:44:59] [INFO] [呼吸] yunxingti|Q:执行建议板|A:{'moshi': '探索', 'chaoshi': 49, 'wen_du': 0.8}
[2026-05-08 16:45:00] [INFO] [呼吸] yunxingti|Q:最终，五境模型本身也是一个需要被超越的“筏”。当我们抵达“本源”之境，会发现所有的境界划分都只是指月之手，真正的智慧在即一切相，离一切执的活泼泼的当下观照之中。理解内容|A:工具:对话 | 害:chen_kong | 结果:[心] 超时
[2026-05-08 16:45:00] [INFO] [呼吸] yunxingti|Q:最终，五境模型本身也是一个需要被超越的“筏”。当我们抵达“本源”之境，会发现所有的境界划分都只是指月之手，真正的智慧在即一切相，离一切执的活泼泼的当下观照之中。理解内容|A:[心] 超时
[2026-05-08 16:45:01] [INFO] [呼吸] yunxingti|Q:策略调度|A:['dingshi']:稳定能量不足，执行定势策略
[2026-05-08 16:45:01] [INFO] [呼吸] yunxingti|Q:执行建议板|A:{'moshi': '探索', 'chaoshi': 49, 'wen_du': 0.8}
[2026-05-08 16:45:44] [INFO] [呼吸] yunxingti|Q:|A:工具:对话 | 害:chen_kong | 结果:[心] 超时
[2026-05-08 16:45:44] [INFO] [呼吸] yunxingti|Q:|A:[心] 超时
[2026-05-08 16:45:44] [INFO] [呼吸] yunxingti|Q:策略调度|A:['dingshi']:稳定能量不足，执行定势策略
[2026-05-08 16:45:44] [INFO] [呼吸] yunxingti|Q:执行建议板|A:{'moshi': '探索', 'chaoshi': 49, 'wen_du': 0.8}
[2026-05-08 16:48:02] [INFO] [呼吸] yunxingti|Q:策略调度|A:['zaoshi', 'yunshi']:自动识别并执行最优策略
[2026-05-08 16:48:56] [INFO] [呼吸] yunxingti|Q:这是一个测试消息abc123|A:工具:对话 | 害:chen_kong | 结果:{   "zhuti": "知识凝练专家（AI认知代理）",   "keti": "输入的多模态认知状态数据（包含认知流
[2026-05-08 16:49:28] [INFO] [呼吸] yunxingti|Q:策略调度|A:['zaoshi', 'yunshi']:自动识别并执行最优策略
[2026-05-08 16:50:22] [INFO] [呼吸] yunxingti|Q:这是一个测试消息abc123|A:工具:对话 | 害:chen_kong | 结果:收到。已为您载入当前认知流初始状态。  根据您提供的“五境认知流”框架与当前数据，我将以**正境**（步骤1）的身份进行
[2026-05-08 17:07:11] [INFO] [呼吸] yunxingti|Q:策略调度|A:['zaoshi', 'yunshi']:自动识别并执行最优策略
[2026-05-08 17:07:57] [INFO] [呼吸] yunxingti|Q:这是一个测试消息abc123|A:工具:对话 | 害:chen_kong | 结果:{"zhuti": "五境认知流模型", "keti": "用户输入消息'这是一个测试消息abc123'", "zuoy
[2026-05-08 17:27:59] [INFO] [呼吸] yunxingti|Q:策略调度|A:['zaoshi', 'yunshi']:自动识别并执行最优策略
[2026-05-08 17:30:30] [INFO] [呼吸] yunxingti|Q:这是一个测试消息abc123|A:工具:对话 | 害:chen_kong | 结果:[心] 超时
[2026-05-08 18:06:18] [INFO] [呼吸] yunxingti|Q:策略调度|A:['zaoshi', 'yunshi']:自动识别并执行最优策略
[2026-05-08 18:06:59] [INFO] [呼吸] yunxingti|Q:这是一个测试消息abc123|A:工具:对话 | 害:chen_kong | 结果:{   "zhuti": "认知系统(正境处理器
[2026-05-08 18:16:37] [INFO] [呼吸] yunxingti|Q:策略调度|A:['zaoshi', 'yunshi']:自动识别并执行最优策略
[2026-05-08 18:16:56] [INFO] [呼吸] yunxingti|Q:这是一个测试消息abc123|A:工具:对话 | 害:chen_kong | 结果:[心] 超时
[2026-05-08 22:15:41] [INFO] [呼吸] yunxingti|Q:策略调度|A:['zaoshi', 'yunshi']:自动识别并执行最优策略
[2026-05-08 22:16:22] [INFO] [呼吸] yunxingti|Q:这是一个测试消息abc123|A:工具:对话 | 害:chen_kong | 结果:{"zhuti": "五境认知流处理模块", "keti": "用户输入的测试消息'abc123'", "zuoyong
[2026-05-08 22:16:42] [INFO] [呼吸] yunxingti|Q:策略调度|A:['zaoshi', 'yunshi']:自动识别并执行最优策略
[2026-05-08 22:17:24] [INFO] [呼吸] yunxingti|Q:这是一个测试消息abc123|A:工具:对话 | 害:chen_kong | 结果:{zhuti: "认知主体(本系统)", keti: "问题(处理一条名为'这是一个测试消息abc123'的输入)", 
[2026-05-08 22:17:44] [INFO] [问题] yunxingti|{'shijian': '2026-05-08T22:17:44.353672'}
[2026-05-08 23:20:53] [INFO] [呼吸] yunxingti|Q:策略调度|A:['zaoshi', 'yunshi']:自动识别并执行最优策略
[2026-05-08 23:21:28] [INFO] [呼吸] yunxingti|Q:这是一个测试消息abc123|A:工具:对话 | 害:chen_kong | 结果:{"zhuti": "认知流系统", "keti": "用户输入消息 '这是一个测试消息abc123'", "zuoyo
